{"C:\\projects\\my-projects\\winter-rent-crm\\src\\lib\\redux\\slices\\calendarSlice\\calendar.types.ts": {"path":"C:\\projects\\my-projects\\winter-rent-crm\\src\\lib\\redux\\slices\\calendarSlice\\calendar.types.ts","statementMap":{"0":{"start":{"line":3,"column":0},"end":{"line":3,"column":null}},"1":{"start":{"line":4,"column":2},"end":{"line":4,"column":null}},"2":{"start":{"line":5,"column":2},"end":{"line":5,"column":null}},"3":{"start":{"line":6,"column":2},"end":{"line":6,"column":null}},"4":{"start":{"line":7,"column":2},"end":{"line":7,"column":null}},"5":{"start":{"line":8,"column":2},"end":{"line":8,"column":null}},"6":{"start":{"line":9,"column":2},"end":{"line":9,"column":null}},"7":{"start":{"line":10,"column":2},"end":{"line":10,"column":null}},"8":{"start":{"line":11,"column":2},"end":{"line":11,"column":null}},"9":{"start":{"line":14,"column":0},"end":{"line":14,"column":null}},"10":{"start":{"line":15,"column":2},"end":{"line":15,"column":null}},"11":{"start":{"line":16,"column":2},"end":{"line":16,"column":null}},"12":{"start":{"line":17,"column":2},"end":{"line":17,"column":null}},"13":{"start":{"line":18,"column":2},"end":{"line":18,"column":null}},"14":{"start":{"line":19,"column":2},"end":{"line":19,"column":null}},"15":{"start":{"line":20,"column":2},"end":{"line":20,"column":null}},"16":{"start":{"line":21,"column":2},"end":{"line":21,"column":null}},"17":{"start":{"line":22,"column":2},"end":{"line":22,"column":null}},"18":{"start":{"line":23,"column":2},"end":{"line":23,"column":null}},"19":{"start":{"line":26,"column":0},"end":{"line":26,"column":null}},"20":{"start":{"line":27,"column":2},"end":{"line":27,"column":null}},"21":{"start":{"line":28,"column":2},"end":{"line":28,"column":null}},"22":{"start":{"line":29,"column":2},"end":{"line":29,"column":null}},"23":{"start":{"line":30,"column":2},"end":{"line":30,"column":null}},"24":{"start":{"line":31,"column":2},"end":{"line":31,"column":null}},"25":{"start":{"line":32,"column":2},"end":{"line":32,"column":null}}},"fnMap":{"0":{"name":"(anonymous_0)","decl":{"start":{"line":3,"column":0},"end":{"line":3,"column":12}},"loc":{"start":{"line":3,"column":18},"end":{"line":12,"column":1}}},"1":{"name":"(anonymous_1)","decl":{"start":{"line":14,"column":0},"end":{"line":14,"column":12}},"loc":{"start":{"line":14,"column":26},"end":{"line":24,"column":1}}},"2":{"name":"(anonymous_2)","decl":{"start":{"line":26,"column":0},"end":{"line":26,"column":12}},"loc":{"start":{"line":26,"column":17},"end":{"line":33,"column":1}}}},"branchMap":{"0":{"loc":{"start":{"line":3,"column":12},"end":{"line":3,"column":null}},"type":"binary-expr","locations":[{"start":{"line":3,"column":12},"end":{"line":3,"column":18}},{"start":{"line":3,"column":18},"end":{"line":3,"column":null}}]},"1":{"loc":{"start":{"line":14,"column":12},"end":{"line":14,"column":null}},"type":"binary-expr","locations":[{"start":{"line":14,"column":12},"end":{"line":14,"column":26}},{"start":{"line":14,"column":26},"end":{"line":14,"column":null}}]},"2":{"loc":{"start":{"line":26,"column":12},"end":{"line":26,"column":null}},"type":"binary-expr","locations":[{"start":{"line":26,"column":12},"end":{"line":26,"column":17}},{"start":{"line":26,"column":17},"end":{"line":26,"column":null}}]}},"s":{"0":1,"1":1,"2":1,"3":1,"4":1,"5":1,"6":1,"7":1,"8":1,"9":1,"10":1,"11":1,"12":1,"13":1,"14":1,"15":1,"16":1,"17":1,"18":1,"19":1,"20":1,"21":1,"22":1,"23":1,"24":1,"25":1},"f":{"0":1,"1":1,"2":1},"b":{"0":[1,1],"1":[1,1],"2":[1,1]}}
,"C:\\projects\\my-projects\\winter-rent-crm\\src\\lib\\redux\\slices\\calendarSlice\\calendar.utils.ts": {"path":"C:\\projects\\my-projects\\winter-rent-crm\\src\\lib\\redux\\slices\\calendarSlice\\calendar.utils.ts","statementMap":{"0":{"start":{"line":46,"column":0},"end":{"line":46,"column":24}},"1":{"start":{"line":77,"column":0},"end":{"line":77,"column":16}},"2":{"start":{"line":83,"column":0},"end":{"line":83,"column":16}},"3":{"start":{"line":89,"column":0},"end":{"line":89,"column":16}},"4":{"start":{"line":118,"column":0},"end":{"line":118,"column":16}},"5":{"start":{"line":162,"column":0},"end":{"line":162,"column":16}},"6":{"start":{"line":176,"column":0},"end":{"line":176,"column":16}},"7":{"start":{"line":197,"column":0},"end":{"line":197,"column":16}},"8":{"start":{"line":1,"column":0},"end":{"line":1,"column":null}},"9":{"start":{"line":2,"column":0},"end":{"line":2,"column":null}},"10":{"start":{"line":3,"column":0},"end":{"line":3,"column":null}},"11":{"start":{"line":18,"column":2},"end":{"line":20,"column":null}},"12":{"start":{"line":19,"column":4},"end":{"line":19,"column":null}},"13":{"start":{"line":22,"column":2},"end":{"line":24,"column":null}},"14":{"start":{"line":23,"column":4},"end":{"line":23,"column":null}},"15":{"start":{"line":26,"column":2},"end":{"line":26,"column":null}},"16":{"start":{"line":30,"column":14},"end":{"line":30,"column":41}},"17":{"start":{"line":31,"column":2},"end":{"line":33,"column":null}},"18":{"start":{"line":32,"column":4},"end":{"line":32,"column":null}},"19":{"start":{"line":35,"column":2},"end":{"line":35,"column":null}},"20":{"start":{"line":39,"column":2},"end":{"line":43,"column":null}},"21":{"start":{"line":47,"column":22},"end":{"line":47,"column":24}},"22":{"start":{"line":49,"column":21},"end":{"line":49,"column":40}},"23":{"start":{"line":50,"column":20},"end":{"line":50,"column":40}},"24":{"start":{"line":52,"column":2},"end":{"line":57,"column":null}},"25":{"start":{"line":55,"column":4},"end":{"line":55,"column":null}},"26":{"start":{"line":56,"column":4},"end":{"line":56,"column":null}},"27":{"start":{"line":59,"column":2},"end":{"line":59,"column":null}},"28":{"start":{"line":61,"column":21},"end":{"line":61,"column":43}},"29":{"start":{"line":62,"column":16},"end":{"line":62,"column":18}},"30":{"start":{"line":63,"column":14},"end":{"line":63,"column":15}},"31":{"start":{"line":65,"column":2},"end":{"line":72,"column":null}},"32":{"start":{"line":65,"column":15},"end":{"line":65,"column":16}},"33":{"start":{"line":66,"column":17},"end":{"line":66,"column":19}},"34":{"start":{"line":67,"column":4},"end":{"line":70,"column":null}},"35":{"start":{"line":67,"column":17},"end":{"line":67,"column":18}},"36":{"start":{"line":68,"column":6},"end":{"line":68,"column":null}},"37":{"start":{"line":69,"column":6},"end":{"line":69,"column":null}},"38":{"start":{"line":71,"column":4},"end":{"line":71,"column":null}},"39":{"start":{"line":74,"column":2},"end":{"line":74,"column":null}},"40":{"start":{"line":78,"column":32},"end":{"line":78,"column":40}},"41":{"start":{"line":80,"column":2},"end":{"line":80,"column":null}},"42":{"start":{"line":84,"column":29},"end":{"line":84,"column":68}},"43":{"start":{"line":86,"column":2},"end":{"line":86,"column":null}},"44":{"start":{"line":90,"column":17},"end":{"line":95,"column":null}},"45":{"start":{"line":97,"column":2},"end":{"line":99,"column":null}},"46":{"start":{"line":98,"column":4},"end":{"line":98,"column":null}},"47":{"start":{"line":100,"column":2},"end":{"line":102,"column":null}},"48":{"start":{"line":101,"column":4},"end":{"line":101,"column":null}},"49":{"start":{"line":103,"column":2},"end":{"line":110,"column":null}},"50":{"start":{"line":109,"column":4},"end":{"line":109,"column":null}},"51":{"start":{"line":111,"column":2},"end":{"line":113,"column":null}},"52":{"start":{"line":112,"column":4},"end":{"line":112,"column":null}},"53":{"start":{"line":115,"column":2},"end":{"line":115,"column":null}},"54":{"start":{"line":119,"column":49},"end":{"line":119,"column":53}},"55":{"start":{"line":120,"column":21},"end":{"line":126,"column":null}},"56":{"start":{"line":128,"column":2},"end":{"line":130,"column":null}},"57":{"start":{"line":129,"column":4},"end":{"line":129,"column":null}},"58":{"start":{"line":133,"column":4},"end":{"line":133,"column":103}},"59":{"start":{"line":135,"column":2},"end":{"line":137,"column":null}},"60":{"start":{"line":136,"column":4},"end":{"line":136,"column":null}},"61":{"start":{"line":139,"column":2},"end":{"line":141,"column":null}},"62":{"start":{"line":140,"column":4},"end":{"line":140,"column":null}},"63":{"start":{"line":143,"column":2},"end":{"line":145,"column":null}},"64":{"start":{"line":144,"column":4},"end":{"line":144,"column":null}},"65":{"start":{"line":147,"column":2},"end":{"line":149,"column":null}},"66":{"start":{"line":148,"column":4},"end":{"line":148,"column":null}},"67":{"start":{"line":151,"column":2},"end":{"line":153,"column":null}},"68":{"start":{"line":152,"column":4},"end":{"line":152,"column":null}},"69":{"start":{"line":155,"column":2},"end":{"line":157,"column":null}},"70":{"start":{"line":156,"column":4},"end":{"line":156,"column":null}},"71":{"start":{"line":159,"column":2},"end":{"line":159,"column":null}},"72":{"start":{"line":163,"column":27},"end":{"line":163,"column":29}},"73":{"start":{"line":165,"column":2},"end":{"line":171,"column":null}},"74":{"start":{"line":166,"column":4},"end":{"line":170,"column":null}},"75":{"start":{"line":167,"column":6},"end":{"line":169,"column":null}},"76":{"start":{"line":168,"column":8},"end":{"line":168,"column":null}},"77":{"start":{"line":173,"column":2},"end":{"line":173,"column":null}},"78":{"start":{"line":177,"column":20},"end":{"line":177,"column":67}},"79":{"start":{"line":178,"column":51},"end":{"line":180,"column":null}},"80":{"start":{"line":182,"column":2},"end":{"line":192,"column":null}},"81":{"start":{"line":183,"column":4},"end":{"line":190,"column":null}},"82":{"start":{"line":184,"column":19},"end":{"line":184,"column":40}},"83":{"start":{"line":186,"column":6},"end":{"line":188,"column":null}},"84":{"start":{"line":187,"column":8},"end":{"line":187,"column":null}},"85":{"start":{"line":194,"column":2},"end":{"line":194,"column":null}},"86":{"start":{"line":198,"column":19},"end":{"line":198,"column":54}},"87":{"start":{"line":200,"column":2},"end":{"line":200,"column":null}}},"fnMap":{"0":{"name":"getFirstMonday","decl":{"start":{"line":17,"column":9},"end":{"line":17,"column":23}},"loc":{"start":{"line":17,"column":34},"end":{"line":27,"column":null}}},"1":{"name":"getLastSunday","decl":{"start":{"line":29,"column":9},"end":{"line":29,"column":22}},"loc":{"start":{"line":29,"column":33},"end":{"line":36,"column":null}}},"2":{"name":"getCell","decl":{"start":{"line":38,"column":9},"end":{"line":38,"column":16}},"loc":{"start":{"line":38,"column":55},"end":{"line":44,"column":null}}},"3":{"name":"getNewArr","decl":{"start":{"line":46,"column":24},"end":{"line":46,"column":33}},"loc":{"start":{"line":46,"column":44},"end":{"line":75,"column":null}}},"4":{"name":"getPathByFulldate","decl":{"start":{"line":77,"column":16},"end":{"line":77,"column":33}},"loc":{"start":{"line":77,"column":52},"end":{"line":81,"column":null}}},"5":{"name":"validatePhone","decl":{"start":{"line":83,"column":16},"end":{"line":83,"column":29}},"loc":{"start":{"line":83,"column":43},"end":{"line":87,"column":null}}},"6":{"name":"validateDialogForm","decl":{"start":{"line":89,"column":16},"end":{"line":89,"column":34}},"loc":{"start":{"line":89,"column":65},"end":{"line":116,"column":null}}},"7":{"name":"validateRentForm","decl":{"start":{"line":118,"column":16},"end":{"line":118,"column":32}},"loc":{"start":{"line":118,"column":53},"end":{"line":160,"column":null}}},"8":{"name":"getCitiesTabs","decl":{"start":{"line":162,"column":16},"end":{"line":162,"column":29}},"loc":{"start":{"line":162,"column":43},"end":{"line":174,"column":null}}},"9":{"name":"getInitialState","decl":{"start":{"line":176,"column":16},"end":{"line":176,"column":31}},"loc":{"start":{"line":176,"column":31},"end":{"line":195,"column":null}}},"10":{"name":"getLabelByRentFormField","decl":{"start":{"line":197,"column":16},"end":{"line":197,"column":39}},"loc":{"start":{"line":197,"column":69},"end":{"line":201,"column":null}}}},"branchMap":{"0":{"loc":{"start":{"line":18,"column":2},"end":{"line":20,"column":null}},"type":"if","locations":[{"start":{"line":18,"column":2},"end":{"line":20,"column":null}}]},"1":{"loc":{"start":{"line":22,"column":2},"end":{"line":24,"column":null}},"type":"if","locations":[{"start":{"line":22,"column":2},"end":{"line":24,"column":null}}]},"2":{"loc":{"start":{"line":31,"column":2},"end":{"line":33,"column":null}},"type":"if","locations":[{"start":{"line":31,"column":2},"end":{"line":33,"column":null}}]},"3":{"loc":{"start":{"line":42,"column":10},"end":{"line":42,"column":null}},"type":"cond-expr","locations":[{"start":{"line":42,"column":67},"end":{"line":42,"column":71}},{"start":{"line":42,"column":74},"end":{"line":42,"column":null}}]},"4":{"loc":{"start":{"line":53,"column":6},"end":{"line":53,"column":114}},"type":"binary-expr","locations":[{"start":{"line":53,"column":6},"end":{"line":53,"column":58}},{"start":{"line":53,"column":62},"end":{"line":53,"column":114}}]},"5":{"loc":{"start":{"line":97,"column":2},"end":{"line":99,"column":null}},"type":"if","locations":[{"start":{"line":97,"column":2},"end":{"line":99,"column":null}}]},"6":{"loc":{"start":{"line":97,"column":6},"end":{"line":97,"column":79}},"type":"binary-expr","locations":[{"start":{"line":97,"column":6},"end":{"line":97,"column":24}},{"start":{"line":97,"column":28},"end":{"line":97,"column":58}},{"start":{"line":97,"column":62},"end":{"line":97,"column":79}}]},"7":{"loc":{"start":{"line":100,"column":2},"end":{"line":102,"column":null}},"type":"if","locations":[{"start":{"line":100,"column":2},"end":{"line":102,"column":null}}]},"8":{"loc":{"start":{"line":100,"column":6},"end":{"line":100,"column":85}},"type":"binary-expr","locations":[{"start":{"line":100,"column":6},"end":{"line":100,"column":23}},{"start":{"line":100,"column":27},"end":{"line":100,"column":56}},{"start":{"line":100,"column":60},"end":{"line":100,"column":85}}]},"9":{"loc":{"start":{"line":103,"column":2},"end":{"line":110,"column":null}},"type":"if","locations":[{"start":{"line":103,"column":2},"end":{"line":110,"column":null}}]},"10":{"loc":{"start":{"line":104,"column":4},"end":{"line":107,"column":27}},"type":"binary-expr","locations":[{"start":{"line":104,"column":4},"end":{"line":104,"column":30}},{"start":{"line":105,"column":4},"end":{"line":105,"column":42}},{"start":{"line":106,"column":4},"end":{"line":106,"column":28}},{"start":{"line":107,"column":4},"end":{"line":107,"column":27}}]},"11":{"loc":{"start":{"line":111,"column":2},"end":{"line":113,"column":null}},"type":"if","locations":[{"start":{"line":111,"column":2},"end":{"line":113,"column":null}}]},"12":{"loc":{"start":{"line":111,"column":6},"end":{"line":111,"column":49}},"type":"binary-expr","locations":[{"start":{"line":111,"column":6},"end":{"line":111,"column":24}},{"start":{"line":111,"column":28},"end":{"line":111,"column":49}}]},"13":{"loc":{"start":{"line":128,"column":2},"end":{"line":130,"column":null}},"type":"if","locations":[{"start":{"line":128,"column":2},"end":{"line":130,"column":null}}]},"14":{"loc":{"start":{"line":133,"column":4},"end":{"line":133,"column":103}},"type":"binary-expr","locations":[{"start":{"line":133,"column":4},"end":{"line":133,"column":35}},{"start":{"line":133,"column":39},"end":{"line":133,"column":69}},{"start":{"line":133,"column":73},"end":{"line":133,"column":103}}]},"15":{"loc":{"start":{"line":135,"column":2},"end":{"line":137,"column":null}},"type":"if","locations":[{"start":{"line":135,"column":2},"end":{"line":137,"column":null}}]},"16":{"loc":{"start":{"line":135,"column":6},"end":{"line":135,"column":60}},"type":"binary-expr","locations":[{"start":{"line":135,"column":6},"end":{"line":135,"column":17}},{"start":{"line":135,"column":22},"end":{"line":135,"column":29}},{"start":{"line":135,"column":33},"end":{"line":135,"column":59}}]},"17":{"loc":{"start":{"line":139,"column":2},"end":{"line":141,"column":null}},"type":"if","locations":[{"start":{"line":139,"column":2},"end":{"line":141,"column":null}}]},"18":{"loc":{"start":{"line":143,"column":2},"end":{"line":145,"column":null}},"type":"if","locations":[{"start":{"line":143,"column":2},"end":{"line":145,"column":null}}]},"19":{"loc":{"start":{"line":143,"column":6},"end":{"line":143,"column":51}},"type":"binary-expr","locations":[{"start":{"line":143,"column":6},"end":{"line":143,"column":13}},{"start":{"line":143,"column":18},"end":{"line":143,"column":32}},{"start":{"line":143,"column":36},"end":{"line":143,"column":51}}]},"20":{"loc":{"start":{"line":147,"column":2},"end":{"line":149,"column":null}},"type":"if","locations":[{"start":{"line":147,"column":2},"end":{"line":149,"column":null}}]},"21":{"loc":{"start":{"line":147,"column":6},"end":{"line":147,"column":39}},"type":"binary-expr","locations":[{"start":{"line":147,"column":6},"end":{"line":147,"column":11}},{"start":{"line":147,"column":15},"end":{"line":147,"column":39}}]},"22":{"loc":{"start":{"line":151,"column":2},"end":{"line":153,"column":null}},"type":"if","locations":[{"start":{"line":151,"column":2},"end":{"line":153,"column":null}}]},"23":{"loc":{"start":{"line":151,"column":6},"end":{"line":151,"column":102}},"type":"binary-expr","locations":[{"start":{"line":151,"column":6},"end":{"line":151,"column":35}},{"start":{"line":151,"column":39},"end":{"line":151,"column":69}},{"start":{"line":151,"column":73},"end":{"line":151,"column":102}}]},"24":{"loc":{"start":{"line":155,"column":2},"end":{"line":157,"column":null}},"type":"if","locations":[{"start":{"line":155,"column":2},"end":{"line":157,"column":null}}]},"25":{"loc":{"start":{"line":155,"column":6},"end":{"line":155,"column":43}},"type":"binary-expr","locations":[{"start":{"line":155,"column":6},"end":{"line":155,"column":13}},{"start":{"line":155,"column":17},"end":{"line":155,"column":43}}]},"26":{"loc":{"start":{"line":165,"column":2},"end":{"line":171,"column":null}},"type":"if","locations":[{"start":{"line":165,"column":2},"end":{"line":171,"column":null}}]},"27":{"loc":{"start":{"line":165,"column":6},"end":{"line":165,"column":35}},"type":"binary-expr","locations":[{"start":{"line":165,"column":6},"end":{"line":165,"column":9}},{"start":{"line":165,"column":13},"end":{"line":165,"column":35}}]},"28":{"loc":{"start":{"line":167,"column":6},"end":{"line":169,"column":null}},"type":"if","locations":[{"start":{"line":167,"column":6},"end":{"line":169,"column":null}}]},"29":{"loc":{"start":{"line":182,"column":2},"end":{"line":192,"column":null}},"type":"if","locations":[{"start":{"line":182,"column":2},"end":{"line":192,"column":null}}]},"30":{"loc":{"start":{"line":186,"column":6},"end":{"line":188,"column":null}},"type":"if","locations":[{"start":{"line":186,"column":6},"end":{"line":188,"column":null}}]},"31":{"loc":{"start":{"line":186,"column":10},"end":{"line":186,"column":60}},"type":"binary-expr","locations":[{"start":{"line":186,"column":10},"end":{"line":186,"column":16}},{"start":{"line":186,"column":20},"end":{"line":186,"column":39}},{"start":{"line":186,"column":43},"end":{"line":186,"column":60}}]}},"s":{"0":1,"1":1,"2":1,"3":1,"4":1,"5":1,"6":1,"7":1,"8":1,"9":1,"10":1,"11":0,"12":0,"13":0,"14":0,"15":0,"16":0,"17":0,"18":0,"19":0,"20":0,"21":0,"22":0,"23":0,"24":0,"25":0,"26":0,"27":0,"28":0,"29":0,"30":0,"31":0,"32":0,"33":0,"34":0,"35":0,"36":0,"37":0,"38":0,"39":0,"40":1,"41":1,"42":0,"43":0,"44":0,"45":0,"46":0,"47":0,"48":0,"49":0,"50":0,"51":0,"52":0,"53":0,"54":0,"55":0,"56":0,"57":0,"58":0,"59":0,"60":0,"61":0,"62":0,"63":0,"64":0,"65":0,"66":0,"67":0,"68":0,"69":0,"70":0,"71":0,"72":0,"73":0,"74":0,"75":0,"76":0,"77":0,"78":0,"79":0,"80":0,"81":0,"82":0,"83":0,"84":0,"85":0,"86":0,"87":0},"f":{"0":0,"1":0,"2":0,"3":0,"4":1,"5":0,"6":0,"7":0,"8":0,"9":0,"10":0},"b":{"0":[0],"1":[0],"2":[0],"3":[0,0],"4":[0,0],"5":[0],"6":[0,0,0],"7":[0],"8":[0,0,0],"9":[0],"10":[0,0,0,0],"11":[0],"12":[0,0],"13":[0],"14":[0,0,0],"15":[0],"16":[0,0,0],"17":[0],"18":[0],"19":[0,0,0],"20":[0],"21":[0,0],"22":[0],"23":[0,0,0],"24":[0],"25":[0,0],"26":[0],"27":[0,0],"28":[0],"29":[0],"30":[0],"31":[0,0,0]}}
,"C:\\projects\\my-projects\\winter-rent-crm\\src\\lib\\redux\\slices\\calendarSlice\\typeguards.ts": {"path":"C:\\projects\\my-projects\\winter-rent-crm\\src\\lib\\redux\\slices\\calendarSlice\\typeguards.ts","statementMap":{"0":{"start":{"line":8,"column":0},"end":{"line":8,"column":16}},"1":{"start":{"line":12,"column":0},"end":{"line":12,"column":16}},"2":{"start":{"line":32,"column":0},"end":{"line":32,"column":16}},"3":{"start":{"line":42,"column":0},"end":{"line":42,"column":16}},"4":{"start":{"line":46,"column":0},"end":{"line":46,"column":16}},"5":{"start":{"line":60,"column":0},"end":{"line":60,"column":16}},"6":{"start":{"line":64,"column":0},"end":{"line":64,"column":16}},"7":{"start":{"line":1,"column":0},"end":{"line":1,"column":null}},"8":{"start":{"line":3,"column":19},"end":{"line":3,"column":55}},"9":{"start":{"line":4,"column":23},"end":{"line":4,"column":116}},"10":{"start":{"line":5,"column":29},"end":{"line":5,"column":73}},"11":{"start":{"line":6,"column":29},"end":{"line":6,"column":92}},"12":{"start":{"line":9,"column":2},"end":{"line":9,"column":null}},"13":{"start":{"line":13,"column":2},"end":{"line":28,"column":null}},"14":{"start":{"line":33,"column":2},"end":{"line":38,"column":null}},"15":{"start":{"line":43,"column":2},"end":{"line":43,"column":null}},"16":{"start":{"line":47,"column":2},"end":{"line":56,"column":null}},"17":{"start":{"line":61,"column":2},"end":{"line":61,"column":null}},"18":{"start":{"line":65,"column":2},"end":{"line":65,"column":null}}},"fnMap":{"0":{"name":"isCities","decl":{"start":{"line":8,"column":16},"end":{"line":8,"column":24}},"loc":{"start":{"line":8,"column":39},"end":{"line":10,"column":null}}},"1":{"name":"isRecordType","decl":{"start":{"line":12,"column":16},"end":{"line":12,"column":28}},"loc":{"start":{"line":12,"column":43},"end":{"line":30,"column":null}}},"2":{"name":"isChildrenData","decl":{"start":{"line":32,"column":16},"end":{"line":32,"column":30}},"loc":{"start":{"line":32,"column":45},"end":{"line":40,"column":null}}},"3":{"name":"isKeyOfRecordType","decl":{"start":{"line":42,"column":16},"end":{"line":42,"column":33}},"loc":{"start":{"line":42,"column":48},"end":{"line":44,"column":null}}},"4":{"name":"isDay","decl":{"start":{"line":46,"column":16},"end":{"line":46,"column":21}},"loc":{"start":{"line":46,"column":36},"end":{"line":58,"column":null}}},"5":{"name":"isKeyofRentPieceNames","decl":{"start":{"line":60,"column":16},"end":{"line":60,"column":37}},"loc":{"start":{"line":60,"column":52},"end":{"line":62,"column":null}}},"6":{"name":"isKeyofRentFormFields","decl":{"start":{"line":64,"column":16},"end":{"line":64,"column":37}},"loc":{"start":{"line":64,"column":52},"end":{"line":66,"column":null}}}},"branchMap":{"0":{"loc":{"start":{"line":9,"column":9},"end":{"line":9,"column":70}},"type":"binary-expr","locations":[{"start":{"line":9,"column":9},"end":{"line":9,"column":16}},{"start":{"line":9,"column":20},"end":{"line":9,"column":45}},{"start":{"line":9,"column":49},"end":{"line":9,"column":70}}]},"1":{"loc":{"start":{"line":14,"column":4},"end":{"line":28,"column":24}},"type":"binary-expr","locations":[{"start":{"line":14,"column":4},"end":{"line":14,"column":11}},{"start":{"line":15,"column":4},"end":{"line":15,"column":29}},{"start":{"line":16,"column":4},"end":{"line":16,"column":17}},{"start":{"line":17,"column":4},"end":{"line":17,"column":32}},{"start":{"line":18,"column":4},"end":{"line":18,"column":19}},{"start":{"line":19,"column":4},"end":{"line":19,"column":21}},{"start":{"line":20,"column":4},"end":{"line":20,"column":34}},{"start":{"line":21,"column":4},"end":{"line":21,"column":18}},{"start":{"line":22,"column":4},"end":{"line":22,"column":33}},{"start":{"line":23,"column":4},"end":{"line":23,"column":27}},{"start":{"line":24,"column":4},"end":{"line":24,"column":28}},{"start":{"line":25,"column":4},"end":{"line":25,"column":42}},{"start":{"line":26,"column":4},"end":{"line":26,"column":19}},{"start":{"line":27,"column":4},"end":{"line":27,"column":16}},{"start":{"line":28,"column":4},"end":{"line":28,"column":24}}]},"2":{"loc":{"start":{"line":34,"column":4},"end":{"line":38,"column":77}},"type":"binary-expr","locations":[{"start":{"line":34,"column":4},"end":{"line":34,"column":11}},{"start":{"line":35,"column":4},"end":{"line":35,"column":29}},{"start":{"line":36,"column":6},"end":{"line":36,"column":22}},{"start":{"line":36,"column":26},"end":{"line":36,"column":57}},{"start":{"line":37,"column":7},"end":{"line":37,"column":21}},{"start":{"line":37,"column":25},"end":{"line":37,"column":55}},{"start":{"line":38,"column":7},"end":{"line":38,"column":31}},{"start":{"line":38,"column":35},"end":{"line":38,"column":76}}]},"3":{"loc":{"start":{"line":43,"column":9},"end":{"line":43,"column":74}},"type":"binary-expr","locations":[{"start":{"line":43,"column":9},"end":{"line":43,"column":16}},{"start":{"line":43,"column":20},"end":{"line":43,"column":45}},{"start":{"line":43,"column":49},"end":{"line":43,"column":74}}]},"4":{"loc":{"start":{"line":48,"column":4},"end":{"line":56,"column":37}},"type":"binary-expr","locations":[{"start":{"line":48,"column":4},"end":{"line":48,"column":11}},{"start":{"line":49,"column":4},"end":{"line":49,"column":29}},{"start":{"line":50,"column":4},"end":{"line":50,"column":17}},{"start":{"line":51,"column":4},"end":{"line":51,"column":32}},{"start":{"line":52,"column":4},"end":{"line":52,"column":19}},{"start":{"line":53,"column":4},"end":{"line":53,"column":34}},{"start":{"line":54,"column":4},"end":{"line":54,"column":22}},{"start":{"line":55,"column":4},"end":{"line":55,"column":32}},{"start":{"line":56,"column":4},"end":{"line":56,"column":37}}]},"5":{"loc":{"start":{"line":61,"column":9},"end":{"line":61,"column":80}},"type":"binary-expr","locations":[{"start":{"line":61,"column":9},"end":{"line":61,"column":16}},{"start":{"line":61,"column":20},"end":{"line":61,"column":45}},{"start":{"line":61,"column":49},"end":{"line":61,"column":80}}]},"6":{"loc":{"start":{"line":65,"column":9},"end":{"line":65,"column":80}},"type":"binary-expr","locations":[{"start":{"line":65,"column":9},"end":{"line":65,"column":16}},{"start":{"line":65,"column":20},"end":{"line":65,"column":45}},{"start":{"line":65,"column":49},"end":{"line":65,"column":80}}]}},"s":{"0":1,"1":1,"2":1,"3":1,"4":1,"5":1,"6":1,"7":1,"8":1,"9":1,"10":1,"11":1,"12":0,"13":0,"14":0,"15":0,"16":0,"17":0,"18":0},"f":{"0":0,"1":0,"2":0,"3":0,"4":0,"5":0,"6":0},"b":{"0":[0,0,0],"1":[0,0,0,0,0,0,0,0,0,0,0,0,0,0,0],"2":[0,0,0,0,0,0,0,0],"3":[0,0,0],"4":[0,0,0,0,0,0,0,0,0],"5":[0,0,0],"6":[0,0,0]}}
}
