TN:
SF:src\lib\redux\slices\calendarSlice\calendar.types.ts
FN:3,(anonymous_0)
FN:14,(anonymous_1)
FN:26,(anonymous_2)
FNF:3
FNH:3
FNDA:1,(anonymous_0)
FNDA:1,(anonymous_1)
FNDA:1,(anonymous_2)
DA:3,1
DA:4,1
DA:5,1
DA:6,1
DA:7,1
DA:8,1
DA:9,1
DA:10,1
DA:11,1
DA:14,1
DA:15,1
DA:16,1
DA:17,1
DA:18,1
DA:19,1
DA:20,1
DA:21,1
DA:22,1
DA:23,1
DA:26,1
DA:27,1
DA:28,1
DA:29,1
DA:30,1
DA:31,1
DA:32,1
LF:26
LH:26
BRDA:3,0,0,1
BRDA:3,0,1,1
BRDA:14,1,0,1
BRDA:14,1,1,1
BRDA:26,2,0,1
BRDA:26,2,1,1
BRF:6
BRH:6
end_of_record
TN:
SF:src\lib\redux\slices\calendarSlice\calendar.utils.ts
FN:17,getFirstMonday
FN:29,getLastSunday
FN:38,getCell
FN:46,getNewArr
FN:77,getPathByFulldate
FN:83,validatePhone
FN:89,validateDialogForm
FN:118,validateRentForm
FN:162,getCitiesTabs
FN:176,getInitialState
FN:197,getLabelByRentFormField
FNF:11
FNH:1
FNDA:0,getFirstMonday
FNDA:0,getLastSunday
FNDA:0,getCell
FNDA:0,getNewArr
FNDA:1,getPathByFulldate
FNDA:0,validatePhone
FNDA:0,validateDialogForm
FNDA:0,validateRentForm
FNDA:0,getCitiesTabs
FNDA:0,getInitialState
FNDA:0,getLabelByRentFormField
DA:1,1
DA:2,1
DA:3,1
DA:18,0
DA:19,0
DA:22,0
DA:23,0
DA:26,0
DA:30,0
DA:31,0
DA:32,0
DA:35,0
DA:39,0
DA:46,1
DA:47,0
DA:49,0
DA:50,0
DA:52,0
DA:55,0
DA:56,0
DA:59,0
DA:61,0
DA:62,0
DA:63,0
DA:65,0
DA:66,0
DA:67,0
DA:68,0
DA:69,0
DA:71,0
DA:74,0
DA:77,1
DA:78,1
DA:80,1
DA:83,1
DA:84,0
DA:86,0
DA:89,1
DA:90,0
DA:97,0
DA:98,0
DA:100,0
DA:101,0
DA:103,0
DA:109,0
DA:111,0
DA:112,0
DA:115,0
DA:118,1
DA:119,0
DA:120,0
DA:128,0
DA:129,0
DA:133,0
DA:135,0
DA:136,0
DA:139,0
DA:140,0
DA:143,0
DA:144,0
DA:147,0
DA:148,0
DA:151,0
DA:152,0
DA:155,0
DA:156,0
DA:159,0
DA:162,1
DA:163,0
DA:165,0
DA:166,0
DA:167,0
DA:168,0
DA:173,0
DA:176,1
DA:177,0
DA:178,0
DA:182,0
DA:183,0
DA:184,0
DA:186,0
DA:187,0
DA:194,0
DA:197,1
DA:198,0
DA:200,0
LF:86
LH:13
BRDA:18,0,0,0
BRDA:22,1,0,0
BRDA:31,2,0,0
BRDA:42,3,0,0
BRDA:42,3,1,0
BRDA:53,4,0,0
BRDA:53,4,1,0
BRDA:97,5,0,0
BRDA:97,6,0,0
BRDA:97,6,1,0
BRDA:97,6,2,0
BRDA:100,7,0,0
BRDA:100,8,0,0
BRDA:100,8,1,0
BRDA:100,8,2,0
BRDA:103,9,0,0
BRDA:104,10,0,0
BRDA:104,10,1,0
BRDA:104,10,2,0
BRDA:104,10,3,0
BRDA:111,11,0,0
BRDA:111,12,0,0
BRDA:111,12,1,0
BRDA:128,13,0,0
BRDA:133,14,0,0
BRDA:133,14,1,0
BRDA:133,14,2,0
BRDA:135,15,0,0
BRDA:135,16,0,0
BRDA:135,16,1,0
BRDA:135,16,2,0
BRDA:139,17,0,0
BRDA:143,18,0,0
BRDA:143,19,0,0
BRDA:143,19,1,0
BRDA:143,19,2,0
BRDA:147,20,0,0
BRDA:147,21,0,0
BRDA:147,21,1,0
BRDA:151,22,0,0
BRDA:151,23,0,0
BRDA:151,23,1,0
BRDA:151,23,2,0
BRDA:155,24,0,0
BRDA:155,25,0,0
BRDA:155,25,1,0
BRDA:165,26,0,0
BRDA:165,27,0,0
BRDA:165,27,1,0
BRDA:167,28,0,0
BRDA:182,29,0,0
BRDA:186,30,0,0
BRDA:186,31,0,0
BRDA:186,31,1,0
BRDA:186,31,2,0
BRF:55
BRH:0
end_of_record
TN:
SF:src\lib\redux\slices\calendarSlice\typeguards.ts
FN:8,isCities
FN:12,isRecordType
FN:32,isChildrenData
FN:42,isKeyOfRecordType
FN:46,isDay
FN:60,isKeyofRentPieceNames
FN:64,isKeyofRentFormFields
FNF:7
FNH:0
FNDA:0,isCities
FNDA:0,isRecordType
FNDA:0,isChildrenData
FNDA:0,isKeyOfRecordType
FNDA:0,isDay
FNDA:0,isKeyofRentPieceNames
FNDA:0,isKeyofRentFormFields
DA:1,1
DA:3,1
DA:4,1
DA:5,1
DA:6,1
DA:8,1
DA:9,0
DA:12,1
DA:13,0
DA:32,1
DA:33,0
DA:42,1
DA:43,0
DA:46,1
DA:47,0
DA:60,1
DA:61,0
DA:64,1
DA:65,0
LF:19
LH:12
BRDA:9,0,0,0
BRDA:9,0,1,0
BRDA:9,0,2,0
BRDA:14,1,0,0
BRDA:14,1,1,0
BRDA:14,1,2,0
BRDA:14,1,3,0
BRDA:14,1,4,0
BRDA:14,1,5,0
BRDA:14,1,6,0
BRDA:14,1,7,0
BRDA:14,1,8,0
BRDA:14,1,9,0
BRDA:14,1,10,0
BRDA:14,1,11,0
BRDA:14,1,12,0
BRDA:14,1,13,0
BRDA:14,1,14,0
BRDA:34,2,0,0
BRDA:34,2,1,0
BRDA:34,2,2,0
BRDA:34,2,3,0
BRDA:34,2,4,0
BRDA:34,2,5,0
BRDA:34,2,6,0
BRDA:34,2,7,0
BRDA:43,3,0,0
BRDA:43,3,1,0
BRDA:43,3,2,0
BRDA:48,4,0,0
BRDA:48,4,1,0
BRDA:48,4,2,0
BRDA:48,4,3,0
BRDA:48,4,4,0
BRDA:48,4,5,0
BRDA:48,4,6,0
BRDA:48,4,7,0
BRDA:48,4,8,0
BRDA:61,5,0,0
BRDA:61,5,1,0
BRDA:61,5,2,0
BRDA:65,6,0,0
BRDA:65,6,1,0
BRDA:65,6,2,0
BRF:44
BRH:0
end_of_record
